This is pdfTeX, Version 3.1415926-2.3-1.40.12 (TeX Live 2011) (format=latex 2012.9.18)  18 JUN 2013 14:35
entering extended mode
 restricted \write18 enabled.
 %&-line parsing enabled.
**./images.tex
(./images.tex
LaTeX2e <2009/09/24>
Babel <v3.8l> and hyphenation patterns for english, dumylang, nohyphenation, ge
rman-x-2009-06-19, ngerman-x-2009-06-19, afrikaans, ancientgreek, ibycus, arabi
c, armenian, basque, bulgarian, catalan, pinyin, coptic, croatian, czech, danis
h, dutch, ukenglish, usenglishmax, esperanto, estonian, ethiopic, farsi, finnis
h, french, galician, german, ngerman, swissgerman, monogreek, greek, hungarian,
 icelandic, assamese, bengali, gujarati, hindi, kannada, malayalam, marathi, or
iya, panjabi, tamil, telugu, indonesian, interlingua, irish, italian, kurmanji,
 lao, latin, latvian, lithuanian, mongolian, mongolianlmc, bokmal, nynorsk, pol
ish, portuguese, romanian, russian, sanskrit, serbian, serbianc, slovak, sloven
ian, spanish, swedish, turkish, turkmen, ukrainian, uppersorbian, welsh, loaded
.

(/usr/share/texmf/tex/latex/base/article.cls
Document Class: article 2007/10/19 v1.4h Standard LaTeX document class
(/usr/share/texmf/tex/latex/base/size10.clo
File: size10.clo 2007/10/19 v1.4h Standard LaTeX file (size option)
)
\c@part=\count79
\c@section=\count80
\c@subsection=\count81
\c@subsubsection=\count82
\c@paragraph=\count83
\c@subparagraph=\count84
\c@figure=\count85
\c@table=\count86
\abovecaptionskip=\skip41
\belowcaptionskip=\skip42
\bibindent=\dimen102
) (/usr/share/texmf/tex/latex/base/ifthen.sty
Package: ifthen 2001/05/26 v1.1c Standard LaTeX ifthen package (DPC)
) (/usr/share/texmf/tex/latex/pstricks/pstricks.sty
Package: pstricks 2011/04/23 v0.50 LaTeX wrapper for `PSTricks' (RN,HV)
(/usr/share/texmf/tex/generic/oberdiek/ifpdf.sty
Package: ifpdf 2011/01/30 v2.3 Provides the ifpdf switch (HO)
Package ifpdf Info: pdfTeX in PDF mode is not detected.
) (/usr/share/texmf/tex/generic/oberdiek/ifluatex.sty
Package: ifluatex 2010/03/01 v1.3 Provides the ifluatex switch (HO)
Package ifluatex Info: LuaTeX not detected.
) (/usr/share/texmf/tex/generic/pstricks/pstricks.tex (/usr/share/texmf/tex/gen
eric/xkeyval/pst-xkey.tex
File: pst-xkey.tex 2005/11/25 v1.6 PSTricks specialization of xkeyval (HA)
(/usr/share/texmf/tex/latex/xkeyval/xkeyval.sty
Package: xkeyval 2008/08/13 v2.6a package option processing (HA)
(/usr/share/texmf/tex/generic/xkeyval/xkeyval.tex
\XKV@toks=\toks14
\XKV@tempa@toks=\toks15
\XKV@depth=\count87
File: xkeyval.tex 2008/08/13 v2.6a key=value parser (HA)
(/usr/share/texmf/tex/generic/xkeyval/keyval.tex)))) (/usr/share/texmf/tex/gene
ric/pstricks/pst-fp.tex `pst-fp' v0.05, 2010/01/17 (hv)
\pstFP@xs=\count88
\pstFP@xia=\count89
\pstFP@xib=\count90
\pstFP@xfa=\count91
\pstFP@xfb=\count92
\pstFP@rega=\count93
\pstFP@regb=\count94
\pstFP@regs=\count95
\pstFP@times=\count96
)
\psLoopIndex=\count97
`PSTricks' v2.20  <2011/04/23> (tvz)
\pst@dima=\dimen103
\pst@dimb=\dimen104
\pst@dimc=\dimen105
\pst@dimd=\dimen106
\pst@dimg=\dimen107
\pst@dimh=\dimen108
\pst@dimm=\dimen109
\pst@dimn=\dimen110
\pst@dimo=\dimen111
\pst@dimp=\dimen112
\pst@hbox=\box26
\pst@ibox=\box27
\pst@boxg=\box28
\pst@cnta=\count98
\pst@cntb=\count99
\pst@cntc=\count100
\pst@cntd=\count101
\pst@cntg=\count102
\pst@cnth=\count103
\pst@cntm=\count104
\pst@cntn=\count105
\pst@cnto=\count106
\pst@cntp=\count107
\@zero=\count108
\pst@toks=\toks16
(/usr/share/texmf/tex/generic/pstricks/pstricks.con)
\psunit=\dimen113
\psxunit=\dimen114
\psyunit=\dimen115
\pst@C@@rType=\count109
\pslinewidth=\dimen116
\psk@startLW=\dimen117
\psk@endLW=\dimen118
\pst@customdefs=\toks17
\pslinearc=\dimen119
\pst@symbolStep=\dimen120
\pst@symbolWidth=\dimen121
\everypsbox=\toks18
\psframesep=\dimen122
\pslabelsep=\dimen123
\pst@shift=\dimen124
\theoverlaybox=\box29
)
File: pstricks.tex 2011/04/23 v2.20 `PSTricks' (tvz,hv)
(/usr/share/texmf/tex/generic/pstricks/pst-fp.tex)
File: pst-fp.tex 2011/04/23 v2.20 `PST-fp' (hv)
(/usr/share/texmf/tex/latex/xcolor/xcolor.sty
Package: xcolor 2007/01/21 v2.11 LaTeX color extensions (UK)
(/usr/share/texmf/tex/latex/latexconfig/color.cfg
File: color.cfg 2007/01/18 v1.5 color configuration of teTeX/TeXLive
)
Package xcolor Info: Driver file: dvips.def on input line 225.
(/usr/share/texmf/tex/latex/graphics/dvips.def
File: dvips.def 1999/02/16 v3.0i Driver-dependant file (DPC,SPQR)
)
Package xcolor Info: Model `cmy' substituted by `cmy0' on input line 1337.
Package xcolor Info: Model `RGB' extended on input line 1353.
Package xcolor Info: Model `HTML' substituted by `rgb' on input line 1355.
Package xcolor Info: Model `Hsb' substituted by `hsb' on input line 1356.
Package xcolor Info: Model `tHsb' substituted by `hsb' on input line 1357.
Package xcolor Info: Model `HSB' substituted by `hsb' on input line 1358.
Package xcolor Info: Model `Gray' substituted by `gray' on input line 1359.
Package xcolor Info: Model `wave' substituted by `hsb' on input line 1360.
)) (/usr/share/texmf/tex/latex/pst-node/pst-node.sty
Package: pst-node 2010/04/22 package wrapper for pst-node.tex
(/usr/share/texmf/tex/generic/pst-node/pst-node.tex  v1.16, 2011/05/05
\psrow=\count110
\pscol=\count111
\psmatrixcnt=\count112
\psrowsep=\skip43
\pscolsep=\skip44
\pst@args=\count113
\num@pts=\count114
\pst@argcnt=\count115
)
File: pst-node.tex 2011/05/05 1.16 `pst-node' (tvz)
) (/usr/lib/texmf/tex/latex/html/html.sty (/usr/share/texmf/tex/latex/hyperref/
hyperref.sty
Package: hyperref 2011/04/17 v6.82g Hypertext links for LaTeX
(/usr/share/texmf/tex/generic/oberdiek/hobsub-hyperref.sty
Package: hobsub-hyperref 2011/04/23 v1.4 Bundle oberdiek, subset hyperref (HO)
(/usr/share/texmf/tex/generic/oberdiek/hobsub-generic.sty
Package: hobsub-generic 2011/04/23 v1.4 Bundle oberdiek, subset generic (HO)
Package: hobsub 2011/04/23 v1.4 Subsetting bundle oberdiek (HO)
Package: infwarerr 2010/04/08 v1.3 Providing info/warning/message (HO)
Package: ltxcmds 2011/04/18 v1.20 LaTeX kernel commands for general use (HO)
Package hobsub Info: Skipping package `ifluatex' (already loaded).
Package: ifvtex 2010/03/01 v1.5 Switches for detecting VTeX and its modes (HO)
Package ifvtex Info: VTeX not detected.
Package: intcalc 2007/09/27 v1.1 Expandable integer calculations (HO)
Package hobsub Info: Skipping package `ifpdf' (already loaded).
Package: etexcmds 2011/02/16 v1.5 Prefix for e-TeX command names (HO)
Package etexcmds Info: Could not find \expanded.
(etexcmds)             That can mean that you are not using pdfTeX 1.50 or
(etexcmds)             that some package has redefined \expanded.
(etexcmds)             In the latter case, load this package earlier.
Package: kvsetkeys 2011/04/07 v1.13 Key value parser (HO)
Package: kvdefinekeys 2011/04/07 v1.3 Defining keys (HO)
Package: pdftexcmds 2011/04/22 v0.16 Utilities of pdfTeX for LuaTeX (HO)
Package pdftexcmds Info: LuaTeX not detected.
Package pdftexcmds Info: \pdf@primitive is available.
Package pdftexcmds Info: \pdf@ifprimitive is available.
Package pdftexcmds Info: \pdfdraftmode is ignored in DVI mode.
Package: pdfescape 2011/04/04 v1.12 Provides string conversions (HO)
Package: bigintcalc 2011/01/30 v1.2 Expandable big integer calculations (HO)
Package: bitset 2011/01/30 v1.1 Data type bit set (HO)
Package: uniquecounter 2011/01/30 v1.2 Provides unlimited unique counter (HO)
)
Package hobsub Info: Skipping package `hobsub' (already loaded).
Package: letltxmacro 2010/09/02 v1.4 Let assignment for LaTeX macros (HO)
Package: hopatch 2011/01/30 v1.0 Wrapper for package hooks (HO)
Package: xcolor-patch 2011/01/30 xcolor patch
Package: atveryend 2011/04/23 v1.7 Hooks at very end of document (HO)
Package atveryend Info: \enddocument detected (standard).
Package: atbegshi 2011/01/30 v1.15 At begin shipout hook (HO)
Package: refcount 2010/12/01 v3.2 Data extraction from references (HO)
Package: hycolor 2011/01/30 v1.7 Color options of hyperref/bookmark (HO)
) (/usr/share/texmf/tex/generic/ifxetex/ifxetex.sty
Package: ifxetex 2010/09/12 v0.6 Provides ifxetex conditional
) (/usr/share/texmf/tex/latex/oberdiek/kvoptions.sty
Package: kvoptions 2010/12/23 v3.10 Keyval support for LaTeX options (HO)
)
\@linkdim=\dimen125
\Hy@linkcounter=\count116
\Hy@pagecounter=\count117
(/usr/share/texmf/tex/latex/hyperref/pd1enc.def
File: pd1enc.def 2011/04/17 v6.82g Hyperref: PDFDocEncoding definition (HO)
)
\Hy@SavedSpaceFactor=\count118
(/usr/share/texmf/tex/latex/latexconfig/hyperref.cfg
File: hyperref.cfg 2002/06/06 v1.2 hyperref configuration of TeXLive
)
Package hyperref Info: Hyper figures OFF on input line 4026.
Package hyperref Info: Link nesting OFF on input line 4031.
Package hyperref Info: Hyper index ON on input line 4034.
Package hyperref Info: Plain pages OFF on input line 4041.
Package hyperref Info: Backreferencing OFF on input line 4046.
Package hyperref Info: Implicit mode ON; LaTeX internals redefined.
Package hyperref Info: Bookmarks ON on input line 4264.
\c@Hy@tempcnt=\count119
(/usr/share/texmf/tex/latex/url/url.sty
\Urlmuskip=\muskip10
Package: url 2006/04/12  ver 3.3  Verb mode for urls, etc.
)
LaTeX Info: Redefining \url on input line 4617.
\Fld@menulength=\count120
\Field@Width=\dimen126
\Fld@charsize=\dimen127
Package hyperref Info: Hyper figures OFF on input line 5701.
Package hyperref Info: Link nesting OFF on input line 5706.
Package hyperref Info: Hyper index ON on input line 5709.
Package hyperref Info: backreferencing OFF on input line 5716.
Package hyperref Info: Link coloring OFF on input line 5721.
Package hyperref Info: Link coloring with OCG OFF on input line 5726.
Package hyperref Info: PDF/A mode OFF on input line 5731.
LaTeX Info: Redefining \ref on input line 5771.
LaTeX Info: Redefining \pageref on input line 5775.
\Hy@abspage=\count121
\c@Item=\count122
\c@Hfootnote=\count123
)

Package hyperref Message: Driver (default): hdvips.

(/usr/share/texmf/tex/latex/hyperref/hdvips.def
File: hdvips.def 2011/04/17 v6.82g Hyperref driver for dvips
(/usr/share/texmf/tex/latex/hyperref/pdfmark.def
File: pdfmark.def 2011/04/17 v6.82g Hyperref definitions for pdfmark specials
\pdf@docset=\toks19
\pdf@box=\box30
\pdf@toks=\toks20
\pdf@defaulttoks=\toks21
\Fld@listcount=\count124
\c@bookmark@seq@number=\count125
(/usr/share/texmf/tex/latex/oberdiek/rerunfilecheck.sty
Package: rerunfilecheck 2011/04/15 v1.7 Rerun checks for auxiliary files (HO)
Package uniquecounter Info: New unique counter `rerunfilecheck' on input line 2
82.
)
\Hy@SectionHShift=\skip45
))
Package: html 1999/07/19 v1.38 hypertext commands for latex2html (nd, hws, rrm)

\c@lpart=\count126
\c@lchapter=\count127
\c@chapter=\count128
\c@lsection=\count129
\c@lsubsection=\count130
\c@lsubsubsection=\count131
\c@lparagraph=\count132
\c@lsubparagraph=\count133
\c@lsubsubparagraph=\count134
\ptrfile=\write3
) (/usr/share/texmf/tex/generic/epsf/epsf.sty
This is `epsf.tex' v2.7.4 <14 February 2011>
\epsffilein=\read1
\epsfframemargin=\dimen128
\epsfframethickness=\dimen129
\epsfrsize=\dimen130
\epsftmp=\dimen131
\epsftsize=\dimen132
\epsfxsize=\dimen133
\epsfysize=\dimen134
\pspoints=\dimen135
) (/usr/share/texmf/tex/latex/base/makeidx.sty
Package: makeidx 2000/03/29 v1.0m Standard LaTeX package
)
\@indexfile=\write4
\openout4 = `images.idx'.

Writing index file images.idx
(/usr/share/texmf/tex/latex/pstricks/pstcol.sty
Package: pstcol 2007/04/11 v1.3 LaTeX wrapper for `PSTricks' (RN,HV)

Package pstcol Warning: ************************************ 
(pstcol)                The package `pstcol' is obsolet! 
(pstcol)                You should use `pstricks' directly: 
(pstcol)                    \usepackage{pstricks}
(pstcol)                ************************************.

) (/usr/share/texmf/tex/latex/base/inputenc.sty
Package: inputenc 2008/03/30 v1.1d Input encoding file
\inpenc@prehook=\toks22
\inpenc@posthook=\toks23
(/usr/share/texmf/tex/latex/base/latin1.def
File: latin1.def 2008/03/30 v1.1d Input encoding file
))
\sizebox=\box31
\lthtmlwrite=\write5
(./images.aux)
\openout1 = `images.aux'.

LaTeX Font Info:    Checking defaults for OML/cmm/m/it on input line 134.
LaTeX Font Info:    ... okay on input line 134.
LaTeX Font Info:    Checking defaults for T1/cmr/m/n on input line 134.
LaTeX Font Info:    ... okay on input line 134.
LaTeX Font Info:    Checking defaults for OT1/cmr/m/n on input line 134.
LaTeX Font Info:    ... okay on input line 134.
LaTeX Font Info:    Checking defaults for OMS/cmsy/m/n on input line 134.
LaTeX Font Info:    ... okay on input line 134.
LaTeX Font Info:    Checking defaults for OMX/cmex/m/n on input line 134.
LaTeX Font Info:    ... okay on input line 134.
LaTeX Font Info:    Checking defaults for U/cmr/m/n on input line 134.
LaTeX Font Info:    ... okay on input line 134.
LaTeX Font Info:    Checking defaults for PD1/pdf/m/n on input line 134.
LaTeX Font Info:    ... okay on input line 134.
\AtBeginShipoutBox=\box32
Package hyperref Info: Link coloring OFF on input line 134.
(/usr/share/texmf/tex/latex/hyperref/nameref.sty
Package: nameref 2010/04/30 v2.40 Cross-referencing by name of section
(/usr/share/texmf/tex/generic/oberdiek/gettitlestring.sty
Package: gettitlestring 2010/12/03 v1.4 Cleanup title references (HO)
)
\c@section@level=\count135
)
LaTeX Info: Redefining \ref on input line 134.
LaTeX Info: Redefining \pageref on input line 134.
LaTeX Info: Redefining \nameref on input line 134.
\@outlinefile=\write6
\openout6 = `images.out'.


latex2htmlLength hsize=349.0pt

latex2htmlLength vsize=633.0pt

latex2htmlLength hoffset=0.0pt

latex2htmlLength voffset=0.0pt

latex2htmlLength topmargin=0.0pt

latex2htmlLength topskip=0.00003pt

latex2htmlLength headheight=0.0pt

latex2htmlLength headsep=0.0pt

latex2htmlLength parskip=0.0pt plus 1.0pt

latex2htmlLength oddsidemargin=62.0pt

latex2htmlLength evensidemargin=62.0pt

LaTeX Font Info:    External font `cmex10' loaded for size
(Font)              <7> on input line 158.
LaTeX Font Info:    External font `cmex10' loaded for size
(Font)              <5> on input line 158.
l2hSize :tex2html_wrap_inline2736:6.45831pt::0.0pt::10.50005pt.
[1



]
(polymorph-example.eps
)
l2hSize :figure289:243.50159pt::0.0pt::349.0pt.
[2


]
l2hSize :tex2html_wrap_inline726:6.59525pt::0.0pt::3.94516pt.
[3


]
(fig1.eps
)
l2hSize :figure471:67.25047pt::0.0pt::349.0pt.
[4


]
l2hSize :figure480:61.64441pt::0.0pt::349.0pt.
[5


]
Overfull \hbox (41.16736pt too wide) in paragraph at lines 238--251
[][] 
 []

l2hSize :figure494:121.19998pt::0.0pt::349.0pt.
[6


]
Overfull \hbox (34.24666pt too wide) in paragraph at lines 275--275
[]\OT1/cmtt/m/n/10 class myCounter: public objc_obj {  // need to be derived fr
om ObjC class[] 
 []


Overfull \hbox (49.99652pt too wide) in paragraph at lines 275--275
[]      \OT1/cmtt/m/n/10 int    sum3_x1(int x1, double x2, double x3); // std p
arameter passing[] 
 []


Overfull \hbox (7.99689pt too wide) in paragraph at lines 275--275
[]      \OT1/cmtt/m/n/10 double sumN_x1(double x1, objc_t& buf);       // using
 va_list[] 
 []


Overfull \hbox (39.49661pt too wide) in paragraph at lines 275--275
[]      \OT1/cmtt/m/n/10 int prtVec(vector<int> v);  // c++ only method - no Ob
jC translation[] 
 []


Overfull \hbox (55.24648pt too wide) in paragraph at lines 275--275
[]      \OT1/cmtt/m/n/10 int cpp_prtVec();           // C++ only method due to 
"cpp_" sub-string[] 
 []

l2hSize :figure504:203.38887pt::0.0pt::349.0pt.
[7


]
l2hSize :figure510:154.0pt::0.0pt::349.0pt.
[8


]
Underfull \hbox (badness 10000) in paragraph at lines 306--307

 []


Underfull \hbox (badness 10000) in paragraph at lines 312--313

 []


Underfull \hbox (badness 10000) in paragraph at lines 318--319

 []


Underfull \hbox (badness 10000) in paragraph at lines 324--325

 []

l2hSize :figure522:288.33331pt::0.0pt::349.0pt.
[9


]
Underfull \hbox (badness 10000) in paragraph at lines 339--340

 []


Overfull \hbox (38.24687pt too wide) in paragraph at lines 351--351
 []\OT1/cmtt/m/n/10 double cpp_myCounter_sum2_x1(myCounter * obj, double x1 , d
ouble x2);[] 
 []


Overfull \hbox (48.74678pt too wide) in paragraph at lines 351--351
 []\OT1/cmtt/m/n/10 double cpp_myCounter_sumN_x1(myCounter * obj, double x1, va
_list * ap);[] 
 []


Underfull \hbox (badness 10000) in paragraph at lines 355--356

 []


Overfull \hbox (32.99692pt too wide) in paragraph at lines 364--364
 []\OT1/cmtt/m/n/10 double cpp_myCounter_sum2_x1(myCounter * obj, double x1 , d
ouble x2)[] 
 []


Overfull \hbox (43.49683pt too wide) in paragraph at lines 364--364
 []\OT1/cmtt/m/n/10 double cpp_myCounter_sumN_x1(myCounter * obj, double x1, va
_list * ap)[] 
 []


Overfull \hbox (38.24687pt too wide) in paragraph at lines 364--364
 []\OT1/cmtt/m/n/10 { objc_t buffer;  buffer.ap = ap;  return obj->sumN_x1(x1, 
buffer); }[] 
 []

l2hSize :figure541:321.72223pt::0.0pt::349.0pt.
[10


]
l2hSize :figure554:168.22223pt::0.0pt::349.0pt.
[11


]
Overfull \hbox (0.64594pt too wide) in paragraph at lines 408--408
[]\OT1/cmtt/m/n/9 inline void writeobjc(writeobjc_t* targ, string desc,class my
Counter& arg)[] 
 []


Overfull \hbox (76.24506pt too wide) in paragraph at lines 408--408
[]\OT1/cmtt/m/n/9 writeobjc(targ,desc+".sum2_x1",arg,&myCounter::sum2_x1, "doub
le", "double x1, double x2");[] 
 []


Overfull \hbox (95.14484pt too wide) in paragraph at lines 408--408
[]\OT1/cmtt/m/n/9 writeobjc(targ,desc+".sumN_x1",arg,&myCounter::sumN_x1, "doub
le", "double x1 , objc_t & buf");[] 
 []

l2hSize :figure562:109.74998pt::0.0pt::349.0pt.
[12


]
l2hSize :figure572:178.8333pt::0.0pt::349.0pt.
[13


]
l2hSize :figure581:82.88889pt::0.0pt::349.0pt.
[14


]
(fig12.eps
)

Overfull \hbox (31.41685pt too wide) in paragraph at lines 454--455
[][] 
 []

l2hSize :figure587:252.94208pt::0.0pt::349.0pt.
[15


]
Overfull \hbox (58.7902pt too wide) in paragraph at lines 465--466
[]
 []


Underfull \hbox (badness 10000) in paragraph at lines 465--466

 []


Overfull \hbox (27.59595pt too wide) in paragraph at lines 471--472
[]
 []


Underfull \hbox (badness 10000) in paragraph at lines 471--472

 []


Overfull \hbox (27.74696pt too wide) in paragraph at lines 477--477
 []\OT1/cmtt/m/n/10 .m.mo:   $(OBJC) -c -o $@ $(OBJCFLAGS) $(CPPFLAGS) $(DLLCPP
FLAGS) \[] 
 []


Underfull \hbox (badness 10000) in paragraph at lines 480--481

 []


Overfull \hbox (101.24632pt too wide) in paragraph at lines 484--484
 []       \OT1/cmtt/m/n/10 $(SHELL) $(bindir)/libtool-swarm --mode link $(CPP) 
$(CFLAGS) $(LDFLAGS) -[] 
 []

l2hSize :figure594:219.19464pt::0.0pt::349.0pt.
[16


]
Overfull \hbox (55.24648pt too wide) in paragraph at lines 527--527
[]       \OT1/cmtt/m/n/10 $(CPP) -g -DCNAME=myCounter -o write_objc $(CPPOBJ) $
(OBJC_TRANSLATOR)[] 
 []


Overfull \hbox (7.99689pt too wide) in paragraph at lines 527--527
[]        \OT1/cmtt/m/n/10 rm myCounterExportCpp.cc write_objc myCounter.mh myC
ounter.m[] 
 []

l2hSize :figure616:382.0pt::0.0pt::349.0pt.
[17


]
Overfull \hbox (70.99634pt too wide) in paragraph at lines 568--568
[]\OT1/cmtt/m/n/10 $ make                                                      
            ? Step 1[] 
 []


Overfull \hbox (28.9967pt too wide) in paragraph at lines 568--568
[]\OT1/cmtt/m/n/10 /usr/local/gcc2/bin/g++ -g -c myCounter.cc                  
    ? Step 2[] 
 []


Overfull \hbox (91.99615pt too wide) in paragraph at lines 568--568
[]\OT1/cmtt/m/n/10 /usr/local/gcc2/bin/g++ -g -DCNAME=myCounter -o write_objc m
yCounter.o write_objc.cc[] 
 []


Overfull \hbox (28.9967pt too wide) in paragraph at lines 568--568
[]\OT1/cmtt/m/n/10 C++ to ObjC parsing ...                                     
    ? Step 3[] 
 []


Overfull \hbox (97.24611pt too wide) in paragraph at lines 568--568
[]\OT1/cmtt/m/n/10 Translating array: "sName[20]" - Translating simple data typ
e: "sName" of-type "char"[] 
 []


Overfull \hbox (70.99634pt too wide) in paragraph at lines 568--568
[]\OT1/cmtt/m/n/10 gcc -c -Wno-import -g main.m                                
            ? Step 4[] 
 []


Overfull \hbox (2.74693pt too wide) in paragraph at lines 568--568
[]\OT1/cmtt/m/n/10 g++ -g -o main main.o myCounter.mo myCounter.o myCounterExpo
rtCpp.o[] 
 []


Overfull \hbox (128.74583pt too wide) in paragraph at lines 568--568
[]\OT1/cmtt/m/n/10 $ main                                                      
            ? myCounter example[] 
 []

l2hSize :figure622:394.83333pt::0.0pt::349.0pt.
[18


]
Package atveryend Info: Empty hook `BeforeClearDocument' on input line 577.
Package atveryend Info: Empty hook `AfterLastShipout' on input line 577.
(./images.aux)
Package atveryend Info: Empty hook `AtVeryEndDocument' on input line 577.
Package atveryend Info: Executing hook `AtEndAfterFileList' on input line 577.

Package rerunfilecheck Warning: File `images.out' has changed.
(rerunfilecheck)                Rerun to get outlines right
(rerunfilecheck)                or use package `bookmark'.

Package rerunfilecheck Info: Checksums for `images.out':
(rerunfilecheck)             Before: <no file>
(rerunfilecheck)             After:  D41D8CD98F00B204E9800998ECF8427E;0.
Package atveryend Info: Empty hook `AtVeryVeryEnd' on input line 577.
 ) 
Here is how much of TeX's memory you used:
 7226 strings out of 493634
 101766 string characters out of 3148354
 223981 words of memory out of 3500000
 10477 multiletter control sequences out of 15000+200000
 5962 words of font info for 23 fonts, out of 3000000 for 9000
 831 hyphenation exceptions out of 8191
 38i,12n,38p,543b,358s stack positions out of 5000i,500n,10000p,200000b,50000s

Output written on images.dvi (18 pages, 24504 bytes).
